<?xml version="1.0" encoding="UTF-8"?>
<!-- Generated by org.testng.reporters.JUnitReportReporter -->
<testsuite hostname="LAPTOP-I99GH7AG" failures="0" tests="1" name="HomePageTest" time="6.821" errors="1" timestamp="2024-12-02T11:59:54 CET" skipped="0">
  <testcase classname="HomePageTest" name="runScenario" time="6.821">
    <error message="Compound class names not permitted
For documentation on this error, please visit: https://www.selenium.dev/documentation/webdriver/troubleshooting/errors#invalid-selector-exception
Build info: version: &#039;4.26.0&#039;, revision: &#039;8ccf0219d7&#039;
System info: os.name: &#039;Windows 11&#039;, os.arch: &#039;amd64&#039;, os.version: &#039;10.0&#039;, java.version: &#039;22.0.2&#039;
Driver info: driver.version: unknown" type="org.openqa.selenium.InvalidSelectorException">
      <![CDATA[org.openqa.selenium.InvalidSelectorException: Compound class names not permitted
For documentation on this error, please visit: https://www.selenium.dev/documentation/webdriver/troubleshooting/errors#invalid-selector-exception
Build info: version: '4.26.0', revision: '8ccf0219d7'
System info: os.name: 'Windows 11', os.arch: 'amd64', os.version: '10.0', java.version: '22.0.2'
Driver info: driver.version: unknown
at org.openqa.selenium.By$ByClassName.<init>(By.java:309)
at org.openqa.selenium.By.className(By.java:100)
at steps.HomePageSteps.theDressListAppears(HomePageSteps.java:29)
at âœ½.the tab option list appears(file:///C:/Users/pepor/eclipse-workspace/CucumberTestTutorial/src/test/java/features/homepage.feature:7)
]]>
    </error>
  </testcase> <!-- runScenario -->
</testsuite> <!-- HomePageTest -->
